16:55:49 [INFO] 加载模板中...
16:55:49 [INFO] 加载数字模板 1: (84, 77, 3)
16:55:49 [INFO] 加载数字模板 2: (84, 81, 3)
16:55:49 [INFO] 加载数字模板 3: (80, 74, 3)
16:55:49 [INFO] 加载数字模板 4: (83, 74, 3)
16:55:49 [INFO] 加载数字模板 5: (74, 72, 3)
16:55:49 [INFO] 加载数字模板 6: (84, 79, 3)
16:55:49 [INFO] 加载数字模板 7: (85, 81, 3)
16:55:49 [INFO] 加载数字模板 8: (72, 78, 3)
16:55:49 [INFO] 加载数字模板 9: (80, 78, 3)
16:55:49 [INFO] 加载箭头模板完成
16:55:49 [INFO] 加载按钮模板完成
16:55:49 [INFO] 模板加载完成，3秒后开始...
16:55:52 [INFO] ============================================================
16:55:52 [INFO] 自动占卜开始!
16:55:52 [INFO] 按 F6 停止
16:55:52 [INFO] ============================================================
16:55:52 [INFO] 
===== 第 1 轮 =====
16:55:52 [INFO] ==================================================
16:55:52 [INFO] 步骤 1: 寻找并点击"开始占卜"按钮
16:55:53 [ERROR] 未找到"开始占卜"按钮
16:55:53 [INFO] 本轮未成功，等待后重试...
16:55:56 [INFO] 未找到"开始占卜"按钮，占卜可能已完成
16:55:56 [INFO] 
自动占卜结束! 共执行 1 轮
16:59:37 [INFO] 加载模板中...
16:59:37 [INFO] 加载数字模板 1: (84, 77, 3)
16:59:37 [INFO] 加载数字模板 2: (84, 81, 3)
16:59:37 [INFO] 加载数字模板 3: (80, 74, 3)
16:59:37 [INFO] 加载数字模板 4: (83, 74, 3)
16:59:37 [INFO] 加载数字模板 5: (74, 72, 3)
16:59:37 [INFO] 加载数字模板 6: (84, 79, 3)
16:59:37 [INFO] 加载数字模板 7: (85, 81, 3)
16:59:37 [INFO] 加载数字模板 8: (72, 78, 3)
16:59:37 [INFO] 加载数字模板 9: (80, 78, 3)
16:59:37 [INFO] 加载箭头模板完成
16:59:37 [INFO] 加载按钮模板完成
16:59:37 [INFO] 模板加载完成，3秒后开始...
16:59:40 [INFO] ============================================================
16:59:40 [INFO] 自动占卜开始!
16:59:40 [INFO] 按 F6 停止
16:59:40 [INFO] ============================================================
16:59:40 [INFO] 
===== 第 1 轮 =====
16:59:40 [INFO] ==================================================
16:59:40 [INFO] 步骤 1: 寻找并点击"开始占卜"按钮
16:59:40 [ERROR] 未找到"开始占卜"按钮
16:59:40 [INFO] 本轮未成功，等待后重试...
16:59:42 [INFO] 未找到"开始占卜"按钮，占卜可能已完成
16:59:42 [INFO] 
自动占卜结束! 共执行 1 轮
17:06:50 [INFO] 加载模板中...
17:06:50 [INFO] 加载数字模板 1: (84, 77, 3)
17:06:50 [INFO] 加载数字模板 2: (84, 81, 3)
17:06:50 [INFO] 加载数字模板 3: (80, 74, 3)
17:06:50 [INFO] 加载数字模板 4: (83, 74, 3)
17:06:50 [INFO] 加载数字模板 5: (74, 72, 3)
17:06:50 [INFO] 加载数字模板 6: (84, 79, 3)
17:06:50 [INFO] 加载数字模板 7: (85, 81, 3)
17:06:50 [INFO] 加载数字模板 8: (72, 78, 3)
17:06:50 [INFO] 加载数字模板 9: (80, 78, 3)
17:06:50 [INFO] 加载箭头模板完成
17:06:50 [INFO] 加载按钮模板完成
17:06:50 [INFO] 模板加载完成，3秒后开始...
17:06:53 [INFO] ============================================================
17:06:53 [INFO] 自动占卜开始!
17:06:53 [INFO] 按 F6 停止
17:06:53 [INFO] ============================================================
17:06:53 [INFO] 
===== 第 1 轮 =====
17:06:53 [INFO] ==================================================
17:06:53 [INFO] 步骤 1: 寻找并点击"开始占卜"按钮
17:06:53 [INFO] 找到游戏窗口: {'left': -32000, 'top': -32000, 'width': 160, 'height': 28}
17:06:53 [WARNING] 未找到游戏窗口，截取全部屏幕
17:06:53 [INFO] 找到"开始占卜"按钮: (1106, 1302)
17:06:53 [INFO] 找到游戏窗口: {'left': 640, 'top': 320, 'width': 1280, 'height': 800}
17:06:56 [INFO] 步骤 2: 等待系统自动翻牌...
17:06:56 [INFO] 找到游戏窗口: {'left': 640, 'top': 320, 'width': 1280, 'height': 800}
17:06:57 [INFO] 系统翻牌: {0: 1, 5: 2, 7: 3, 1: 4, 2: 5, 3: 6, 6: 7, 8: 8, 4: 9}
17:06:57 [INFO] 翻牌策略: 自动翻开 pos=0(num=1), 将翻开 [4, 8, 2]
17:06:57 [INFO] 步骤 3-4: 翻牌中...
17:06:57 [INFO] 翻开第 1/3 张: pos=4 at (463, 346)
17:06:59 [INFO] 翻开第 2/3 张: pos=8 at (578, 463)
17:07:00 [INFO] 翻开第 3/3 张: pos=2 at (578, 226)
17:07:02 [INFO] 步骤 5: 扫描所有已翻开的数字...
17:07:03 [INFO] 已翻开的牌: {0: 1, 7: 3, 1: 4, 2: 5, 3: 6, 6: 7, 8: 8, 4: 9}
17:07:03 [INFO] 步骤 6: 计算期望值并选择最佳线...
17:07:03 [INFO] 各线期望值:
17:07:03 [INFO]   l0 [7,9,5] EV=100.0 ★
17:07:03 [INFO]   l1 [7,3,8] EV=20.0
17:07:03 [INFO]   l2 [6,9,?] EV=20.0
17:07:03 [INFO]   l3 [1,4,5] EV=50.0
17:07:03 [INFO]   l4 [1,9,8] EV=20.0
17:07:03 [INFO]   l5 [1,6,7] EV=10.0
17:07:03 [INFO]   l6 [4,9,3] EV=10.0
17:07:03 [INFO]   l7 [5,?,8] EV=10.0
17:07:03 [INFO] 选择箭头 l0, 期望值=100.0
17:07:03 [INFO] 步骤 7: 等待选择界面...
17:07:08 [WARNING] 等待超时: 选择界面出现
17:07:09 [INFO] 点击箭头 l0 at (274, 539)
17:07:11 [INFO] 步骤 8: 等待"确认选择"按钮...
17:07:16 [WARNING] 等待超时: 确认选择按钮
17:07:16 [WARNING] 未找到"确认选择"按钮
17:07:16 [INFO] 本轮占卜完成!
17:07:16 [INFO] 
===== 第 2 轮 =====
17:07:16 [INFO] ==================================================
17:07:16 [INFO] 步骤 1: 寻找并点击"开始占卜"按钮
17:07:16 [INFO] 找到"开始占卜"按钮: (466, 592)
17:07:19 [INFO] 步骤 2: 等待系统自动翻牌...
17:07:20 [INFO] 系统翻牌: {0: 1, 5: 2, 2: 5, 3: 6, 6: 7, 8: 8, 4: 9}
17:07:20 [INFO] 翻牌策略: 自动翻开 pos=0(num=1), 将翻开 [4, 8, 2]
17:07:20 [INFO] 步骤 3-4: 翻牌中...
17:07:20 [INFO] 翻开第 1/3 张: pos=4 at (465, 346)
17:07:22 [INFO] 翻开第 2/3 张: pos=8 at (577, 463)
17:17:45 [INFO] 加载模板中...
17:17:45 [INFO] 加载数字模板 1: (84, 77, 3)
17:17:45 [INFO] 加载数字模板 2: (84, 81, 3)
17:17:45 [INFO] 加载数字模板 3: (80, 74, 3)
17:17:45 [INFO] 加载数字模板 4: (83, 74, 3)
17:17:45 [INFO] 加载数字模板 5: (74, 72, 3)
17:17:45 [INFO] 加载数字模板 6: (84, 79, 3)
17:17:45 [INFO] 加载数字模板 7: (85, 81, 3)
17:17:45 [INFO] 加载数字模板 8: (72, 78, 3)
17:17:45 [INFO] 加载数字模板 9: (80, 78, 3)
17:17:45 [INFO] 加载箭头模板完成
17:17:45 [INFO] 加载按钮模板完成
17:17:45 [INFO] 模板加载完成，3秒后开始...
17:17:48 [INFO] ============================================================
17:17:48 [INFO] 自动占卜开始!
17:17:48 [INFO] 按 F6 停止
17:17:48 [INFO] ============================================================
17:17:48 [INFO] 
===== 第 1 轮 =====
17:17:48 [INFO] ==================================================
17:17:48 [INFO] 步骤 1: 寻找并点击"开始占卜"按钮
17:17:48 [INFO] 找到游戏窗口: {'left': 640, 'top': 320, 'width': 1280, 'height': 800}
17:17:48 [INFO] 找到"开始占卜"按钮: (466, 592)
17:17:51 [INFO] 步骤 2: 等待系统自动翻牌...
17:17:52 [INFO] 系统翻牌: {2: 1, 3: 2, 8: 3, 0: 4, 5: 6, 6: 7, 4: 9}
17:17:52 [INFO] 翻牌策略: 自动翻开 pos=2(num=1), 将翻开 [6, 4, 0]
17:17:52 [INFO] 步骤 3-4: 翻牌中...
17:17:52 [INFO] 翻开第 1/3 张: pos=6 at (348, 461)
17:17:54 [INFO] 翻开第 2/3 张: pos=4 at (465, 346)
17:17:55 [INFO] 翻开第 3/3 张: pos=0 at (348, 227)
17:17:57 [INFO] 步骤 5: 扫描所有已翻开的数字...
17:17:58 [INFO] 已翻开的牌: {2: 1, 8: 3, 0: 4, 7: 5, 6: 7, 1: 8, 4: 9}
17:17:58 [INFO] 步骤 6: 计算期望值并选择最佳线...
17:17:58 [INFO] 各线期望值:
17:17:58 [INFO]   l0 [7,9,1] EV=20.0
17:17:58 [INFO]   l1 [7,5,3] EV=10.0
17:17:58 [INFO]   l2 [?,9,?] EV=20.0
17:17:58 [INFO]   l3 [4,8,1] EV=20.0
17:17:58 [INFO]   l4 [4,9,3] EV=10.0
17:17:58 [INFO]   l5 [4,?,7] EV=20.0
17:17:58 [INFO]   l6 [8,9,5] EV=150.0
17:17:58 [INFO]   l7 [1,?,3] EV=275.0 ★
17:17:58 [INFO] 选择箭头 l7, 期望值=275.0
17:17:58 [INFO] 步骤 7: 等待选择界面...
17:18:01 [INFO] 收到停止指令，正在停止...
17:18:02 [INFO] 点击箭头 l7 at (np.int64(578), np.int64(144))
17:18:02 [INFO] 步骤 8: 等待"确认选择"按钮...
17:18:02 [WARNING] 未找到"确认选择"按钮
17:18:02 [INFO] 本轮占卜完成!
17:18:02 [INFO] 
自动占卜结束! 共执行 1 轮
17:18:34 [INFO] 加载模板中...
17:18:34 [INFO] 加载数字模板 1: (84, 77, 3)
17:18:34 [INFO] 加载数字模板 2: (84, 81, 3)
17:18:34 [INFO] 加载数字模板 3: (80, 74, 3)
17:18:34 [INFO] 加载数字模板 4: (83, 74, 3)
17:18:34 [INFO] 加载数字模板 5: (74, 72, 3)
17:18:34 [INFO] 加载数字模板 6: (84, 79, 3)
17:18:34 [INFO] 加载数字模板 7: (85, 81, 3)
17:18:34 [INFO] 加载数字模板 8: (72, 78, 3)
17:18:34 [INFO] 加载数字模板 9: (80, 78, 3)
17:18:34 [INFO] 加载箭头模板完成
17:18:34 [INFO] 加载按钮模板完成
17:18:34 [INFO] 模板加载完成，3秒后开始...
17:18:37 [INFO] ============================================================
17:18:37 [INFO] 自动占卜开始!
17:18:37 [INFO] 按 F6 停止
17:18:37 [INFO] ============================================================
17:18:37 [INFO] 
===== 第 1 轮 =====
17:18:37 [INFO] ==================================================
17:18:37 [INFO] 步骤 1: 寻找并点击"开始占卜"按钮
17:18:37 [INFO] 找到游戏窗口: {'left': 640, 'top': 320, 'width': 1280, 'height': 800}
17:18:37 [INFO] 找到"开始占卜"按钮: (466, 592)
17:18:40 [INFO] 步骤 2: 等待系统自动翻牌...
17:18:41 [INFO] 系统翻牌: {0: 7}
17:18:41 [INFO] 翻牌策略: 自动翻开 pos=0(num=7), 将翻开 [4, 1, 2]
17:18:41 [INFO] 步骤 3-4: 翻牌中...
17:18:41 [INFO] 已知 1/9 个格子坐标，尝试通过箭头推算...
17:18:42 [INFO] 翻开第 1/3 张: pos=4 at (574, 459)
17:18:43 [INFO] 翻开第 2/3 张: pos=1 at (574, 343)
17:18:45 [INFO] 翻开第 3/3 张: pos=2 at (691, 343)
17:18:47 [INFO] 步骤 5: 扫描所有已翻开的数字...
17:18:52 [WARNING] 等待超时: 扫描4张牌
17:18:52 [WARNING] 只识别到 1 张牌，使用已有信息继续
17:18:52 [INFO] 已翻开的牌: {0: 7}
17:18:52 [INFO] 步骤 6: 计算期望值并选择最佳线...
17:18:52 [INFO] 各线期望值:
17:18:52 [INFO]   l0 [?,?,?] EV=59.5 ★
17:18:52 [INFO]   l1 [?,?,?] EV=59.5
17:18:52 [INFO]   l2 [?,?,?] EV=59.5
17:18:52 [INFO]   l3 [7,?,?] EV=48.9
17:18:52 [INFO]   l4 [7,?,?] EV=48.9
17:18:52 [INFO]   l5 [7,?,?] EV=48.9
17:18:52 [INFO]   l6 [?,?,?] EV=59.5
17:18:52 [INFO]   l7 [?,?,?] EV=59.5
17:18:52 [INFO] 选择箭头 l0, 期望值=59.5
17:18:52 [INFO] 步骤 7: 等待选择界面...
17:18:53 [INFO] 点击箭头 l0 at (274, 539)
17:18:55 [INFO] 步骤 8: 等待"确认选择"按钮...
17:27:14 [INFO] 加载模板中...
17:27:14 [INFO] 加载数字模板 1: (84, 77, 3)
17:27:14 [INFO] 加载数字模板 2: (84, 81, 3)
17:27:14 [INFO] 加载数字模板 3: (80, 74, 3)
17:27:14 [INFO] 加载数字模板 4: (83, 74, 3)
17:27:14 [INFO] 加载数字模板 5: (74, 72, 3)
17:27:14 [INFO] 加载数字模板 6: (84, 79, 3)
17:27:14 [INFO] 加载数字模板 7: (85, 81, 3)
17:27:14 [INFO] 加载数字模板 8: (72, 78, 3)
17:27:14 [INFO] 加载数字模板 9: (80, 78, 3)
17:27:14 [INFO] 加载箭头模板完成
17:27:14 [INFO] 加载按钮模板完成
17:27:14 [INFO] 模板加载完成，3秒后开始...
17:27:17 [INFO] ============================================================
17:27:17 [INFO] 自动占卜开始!
17:27:17 [INFO] 按 F6 停止
17:27:17 [INFO] ============================================================
17:27:17 [INFO] 
===== 第 1 轮 =====
17:27:17 [INFO] ==================================================
17:27:17 [INFO] 步骤 1: 寻找并点击"开始占卜"按钮
17:27:17 [INFO] 找到游戏窗口: {'left': 640, 'top': 320, 'width': 1280, 'height': 800}
17:27:17 [INFO] 找到"开始占卜"按钮: (466, 592)
17:27:20 [INFO] 步骤 2: 定位箭头，计算网格坐标...
17:27:20 [INFO] 通过箭头计算出全部 9 个格子坐标
17:27:20 [INFO] 网格坐标:
17:27:20 [INFO]   pos=0 (行0,列0): (349, 229)
17:27:20 [INFO]   pos=1 (行0,列1): (461, 229)
17:27:20 [INFO]   pos=2 (行0,列2): (578, 229)
17:27:20 [INFO]   pos=3 (行1,列0): (349, 345)
17:27:20 [INFO]   pos=4 (行1,列1): (461, 345)
17:27:20 [INFO]   pos=5 (行1,列2): (578, 345)
17:27:20 [INFO]   pos=6 (行2,列0): (349, 460)
17:27:20 [INFO]   pos=7 (行2,列1): (461, 460)
17:27:20 [INFO]   pos=8 (行2,列2): (578, 460)
17:27:20 [INFO] 步骤 3: 等待系统自动翻牌...
17:27:20 [INFO] 系统翻牌: {1: 9}
17:27:20 [INFO] 翻牌策略: 自动翻开 pos=1(数字9), 将翻开 [4, 7, 0]
17:27:20 [INFO] 翻开第 1/3 张: pos=4 at (461, 345)
17:27:22 [INFO] 翻开第 2/3 张: pos=7 at (461, 460)
17:27:24 [INFO] 翻开第 3/3 张: pos=0 at (349, 229)
17:27:25 [INFO] 步骤 5: 扫描所有翻开的数字...
17:27:26 [INFO] 已翻开的牌: {0: 4, 1: 9, 4: 8, 7: 2}
17:27:26 [INFO] 步骤 6: 计算期望值并选择最佳线...
17:27:26 [INFO] 各线期望值:
17:27:26 [INFO]   l0 [?,8,?] EV=28.0
17:27:26 [INFO]   l1 [?,2,?] EV=94.0 ★
17:27:26 [INFO]   l2 [?,8,?] EV=28.0
17:27:26 [INFO]   l3 [4,9,?] EV=24.0
17:27:26 [INFO]   l4 [4,8,?] EV=20.0
17:27:26 [INFO]   l5 [4,?,?] EV=34.0
17:27:26 [INFO]   l6 [9,8,2] EV=30.0
17:27:26 [INFO]   l7 [?,?,?] EV=28.0
17:27:26 [INFO] 选择箭头 l1, 期望值=94.0
17:27:26 [INFO] 步骤 7: 等待选择界面...
17:27:26 [INFO] 点击箭头 l1 at (np.int64(261), np.int64(460))
17:27:29 [INFO] 步骤 8: 等待"确认选择"按钮...
17:27:29 [INFO] 点击"确认选择"按钮: (464, 594)
17:27:32 [INFO] 本轮占卜完成!
17:27:32 [INFO] 
===== 第 2 轮 =====
17:27:32 [INFO] ==================================================
17:27:32 [INFO] 步骤 1: 寻找并点击"开始占卜"按钮
17:27:32 [INFO] 找到"开始占卜"按钮: (466, 592)
17:27:35 [INFO] 步骤 2: 定位箭头，计算网格坐标...
17:27:35 [INFO] 通过箭头计算出全部 9 个格子坐标
17:27:35 [INFO] 网格坐标:
17:27:35 [INFO]   pos=0 (行0,列0): (349, 229)
17:27:35 [INFO]   pos=1 (行0,列1): (461, 229)
17:27:35 [INFO]   pos=2 (行0,列2): (578, 229)
17:27:35 [INFO]   pos=3 (行1,列0): (349, 345)
17:27:35 [INFO]   pos=4 (行1,列1): (461, 345)
17:27:35 [INFO]   pos=5 (行1,列2): (578, 345)
17:27:35 [INFO]   pos=6 (行2,列0): (349, 460)
17:27:35 [INFO]   pos=7 (行2,列1): (461, 460)
17:27:35 [INFO]   pos=8 (行2,列2): (578, 460)
17:27:35 [INFO] 步骤 3: 等待系统自动翻牌...
17:27:36 [INFO] 系统翻牌: {8: 7}
17:27:36 [INFO] 翻牌策略: 自动翻开 pos=8(数字7), 将翻开 [4, 6, 7]
17:27:36 [INFO] 翻开第 1/3 张: pos=4 at (461, 345)
17:27:37 [INFO] 翻开第 2/3 张: pos=6 at (349, 460)
17:27:39 [INFO] 翻开第 3/3 张: pos=7 at (461, 460)
17:27:41 [INFO] 步骤 5: 扫描所有翻开的数字...
17:27:41 [INFO] 已翻开的牌: {4: 5, 6: 4, 7: 3, 8: 7}
17:27:41 [INFO] 步骤 6: 计算期望值并选择最佳线...
17:27:41 [INFO] 各线期望值:
17:27:41 [INFO]   l0 [4,5,?] EV=26.0
17:27:41 [INFO]   l1 [4,3,7] EV=10.0
17:27:41 [INFO]   l2 [?,5,?] EV=46.0
17:27:41 [INFO]   l3 [?,?,?] EV=75.0
17:27:41 [INFO]   l4 [?,5,7] EV=40.0
17:27:41 [INFO]   l5 [?,?,4] EV=75.0
17:27:41 [INFO]   l6 [?,5,3] EV=38.0
17:27:41 [INFO]   l7 [?,?,7] EV=89.0 ★
17:27:41 [INFO] 选择箭头 l7, 期望值=89.0
17:27:41 [INFO] 步骤 7: 等待选择界面...
17:27:42 [INFO] 点击箭头 l7 at (np.int64(578), np.int64(144))
17:27:44 [INFO] 步骤 8: 等待"确认选择"按钮...
17:27:44 [INFO] 点击"确认选择"按钮: (464, 594)
17:27:46 [INFO] 收到停止指令，正在停止...
17:27:47 [INFO] 本轮占卜完成!
17:27:47 [INFO] 
自动占卜结束! 共执行 2 轮
17:31:40 [INFO] 加载模板中...
17:31:40 [INFO] 加载数字模板 1: (84, 77, 3)
17:31:40 [INFO] 加载数字模板 2: (84, 81, 3)
17:31:40 [INFO] 加载数字模板 3: (80, 74, 3)
17:31:40 [INFO] 加载数字模板 4: (83, 74, 3)
17:31:40 [INFO] 加载数字模板 5: (74, 72, 3)
17:31:40 [INFO] 加载数字模板 6: (84, 79, 3)
17:31:40 [INFO] 加载数字模板 7: (85, 81, 3)
17:31:40 [INFO] 加载数字模板 8: (72, 78, 3)
17:31:40 [INFO] 加载数字模板 9: (80, 78, 3)
17:31:40 [INFO] 加载箭头模板完成
17:31:40 [INFO] 加载按钮模板完成
17:31:40 [INFO] 模板加载完成，3秒后开始...
17:31:43 [INFO] ============================================================
17:31:43 [INFO] 自动占卜开始!
17:31:43 [INFO] 按 F6 停止
17:31:43 [INFO] ============================================================
17:31:43 [INFO] 
===== 第 1 轮 =====
17:31:43 [INFO] ==================================================
17:31:43 [INFO] 步骤 1: 寻找并点击"开始占卜"按钮
17:31:43 [INFO] 找到游戏窗口: {'left': 640, 'top': 320, 'width': 1280, 'height': 800}
17:31:43 [INFO] 找到"开始占卜"按钮: (466, 592)
17:31:46 [INFO] 步骤 2: 定位箭头，计算网格坐标...
17:31:46 [INFO] 通过箭头计算出全部 9 个格子坐标
17:31:46 [INFO] 网格坐标:
17:31:46 [INFO]   pos=0 (行0,列0): (349, 229)
17:31:46 [INFO]   pos=1 (行0,列1): (461, 229)
17:31:46 [INFO]   pos=2 (行0,列2): (578, 229)
17:31:46 [INFO]   pos=3 (行1,列0): (349, 345)
17:31:46 [INFO]   pos=4 (行1,列1): (461, 345)
17:31:46 [INFO]   pos=5 (行1,列2): (578, 345)
17:31:46 [INFO]   pos=6 (行2,列0): (349, 460)
17:31:46 [INFO]   pos=7 (行2,列1): (461, 460)
17:31:46 [INFO]   pos=8 (行2,列2): (578, 460)
17:31:46 [INFO] 步骤 3: 等待系统自动翻牌...
17:31:46 [INFO] 系统翻牌: {4: 8}
17:31:46 [INFO] 步骤 4: 自适应翻牌...
17:31:46 [INFO] 自适应翻牌: 选择格子 0 (预期最佳EV=99.6)
17:31:46 [INFO] 翻开第 1/3 张: pos=0 at (349, 229)
17:31:49 [INFO]   当前已知: {0: 6, 4: 8} (2 张)
17:31:49 [INFO] 自适应翻牌: 选择格子 8 (预期最佳EV=144.1)
17:31:49 [INFO] 翻开第 2/3 张: pos=8 at (578, 460)
17:31:51 [INFO]   当前已知: {0: 6, 4: 8, 8: 5} (3 张)
17:31:51 [INFO] 自适应翻牌: 选择格子 1 (预期最佳EV=93.7)
17:31:51 [INFO] 翻开第 3/3 张: pos=1 at (461, 229)
17:31:53 [INFO]   当前已知: {0: 6, 1: 9, 4: 8, 8: 5} (4 张)
17:31:53 [INFO] 步骤 5: 最终扫描确认...
17:31:53 [INFO] 已翻开的牌: {0: 6, 1: 9, 4: 8, 8: 5}
17:31:53 [INFO] 步骤 6: 计算期望值并选择最佳线...
17:31:53 [INFO] 各线期望值:
17:31:53 [INFO]   l0 [?,8,?] EV=19.0
17:31:53 [INFO]   l1 [?,?,5] EV=45.0
17:31:53 [INFO]   l2 [?,8,?] EV=19.0
17:31:53 [INFO]   l3 [6,9,?] EV=46.0
17:31:53 [INFO]   l4 [6,8,5] EV=30.0
17:31:53 [INFO]   l5 [6,?,?] EV=30.0
17:31:53 [INFO]   l6 [9,8,?] EV=140.0 ★
17:31:53 [INFO]   l7 [?,?,5] EV=45.0
17:31:53 [INFO] 选择箭头 l6, 期望值=140.0
17:31:53 [INFO] 步骤 7: 等待选择界面...
17:31:53 [INFO] 点击箭头 l6 at (np.int64(461), np.int64(144))
17:31:56 [INFO] 步骤 8: 等待"确认选择"按钮...
17:31:56 [INFO] 点击"确认选择"按钮: (464, 594)
17:31:59 [INFO] 本轮占卜完成!
17:31:59 [INFO] 
===== 第 2 轮 =====
17:31:59 [INFO] ==================================================
17:31:59 [INFO] 步骤 1: 寻找并点击"开始占卜"按钮
17:31:59 [INFO] 找到"开始占卜"按钮: (466, 592)
17:32:02 [INFO] 步骤 2: 定位箭头，计算网格坐标...
17:32:02 [INFO] 通过箭头计算出全部 9 个格子坐标
17:32:02 [INFO] 网格坐标:
17:32:02 [INFO]   pos=0 (行0,列0): (349, 229)
17:32:02 [INFO]   pos=1 (行0,列1): (461, 229)
17:32:02 [INFO]   pos=2 (行0,列2): (578, 229)
17:32:02 [INFO]   pos=3 (行1,列0): (349, 345)
17:32:02 [INFO]   pos=4 (行1,列1): (461, 345)
17:32:02 [INFO]   pos=5 (行1,列2): (578, 345)
17:32:02 [INFO]   pos=6 (行2,列0): (349, 460)
17:32:02 [INFO]   pos=7 (行2,列1): (461, 460)
17:32:02 [INFO]   pos=8 (行2,列2): (578, 460)
17:32:02 [INFO] 步骤 3: 等待系统自动翻牌...
17:32:02 [INFO] 系统翻牌: {4: 1}
17:32:02 [INFO] 步骤 4: 自适应翻牌...
17:32:02 [INFO] 自适应翻牌: 选择格子 0 (预期最佳EV=107.0)
17:32:02 [INFO] 翻开第 1/3 张: pos=0 at (349, 229)
17:32:05 [INFO]   当前已知: {0: 6, 4: 1} (2 张)
17:32:05 [INFO] 自适应翻牌: 选择格子 1 (预期最佳EV=130.5)
17:32:05 [INFO] 翻开第 2/3 张: pos=1 at (461, 229)
17:32:07 [INFO]   当前已知: {0: 6, 1: 7, 4: 1} (3 张)
17:32:07 [INFO] 自适应翻牌: 选择格子 2 (预期最佳EV=162.8)
17:32:07 [INFO] 翻开第 3/3 张: pos=2 at (578, 229)
17:32:09 [INFO]   当前已知: {0: 6, 1: 7, 4: 1} (3 张)
17:32:09 [INFO] 步骤 5: 最终扫描确认...
17:32:14 [WARNING] 等待超时: 扫描4张牌
17:32:14 [WARNING] 只识别到 3 张牌，使用已有信息继续
17:32:14 [INFO] 已翻开的牌: {0: 6, 1: 7, 4: 1}
17:32:14 [INFO] 步骤 6: 计算期望值并选择最佳线...
17:32:14 [INFO] 各线期望值:
17:32:14 [INFO]   l0 [?,1,?] EV=107.3 ★
17:32:14 [INFO]   l1 [?,?,?] EV=34.5
17:32:14 [INFO]   l2 [?,1,?] EV=107.3
17:32:14 [INFO]   l3 [6,7,?] EV=51.7
17:32:14 [INFO]   l4 [6,1,?] EV=36.7
17:32:14 [INFO]   l5 [6,?,?] EV=54.0
17:32:14 [INFO]   l6 [7,1,?] EV=25.0
17:32:14 [INFO]   l7 [?,?,?] EV=34.5
17:32:14 [INFO] 选择箭头 l0, 期望值=107.3
17:32:14 [INFO] 步骤 7: 等待选择界面...
17:32:14 [INFO] 点击箭头 l0 at (274, 539)
17:32:17 [INFO] 步骤 8: 等待"确认选择"按钮...
17:32:20 [INFO] 收到停止指令，正在停止...
17:32:20 [WARNING] 未找到"确认选择"按钮
17:32:20 [INFO] 本轮占卜完成!
17:32:20 [INFO] 
自动占卜结束! 共执行 2 轮
17:35:16 [INFO] 加载模板中...
17:35:16 [INFO] 加载数字模板 1: (84, 77, 3)
17:35:16 [INFO] 加载数字模板 2: (84, 81, 3)
17:35:16 [INFO] 加载数字模板 3: (80, 74, 3)
17:35:16 [INFO] 加载数字模板 4: (83, 74, 3)
17:35:16 [INFO] 加载数字模板 5: (74, 72, 3)
17:35:16 [INFO] 加载数字模板 6: (84, 79, 3)
17:35:16 [INFO] 加载数字模板 7: (85, 81, 3)
17:35:16 [INFO] 加载数字模板 8: (72, 78, 3)
17:35:16 [INFO] 加载数字模板 9: (80, 78, 3)
17:35:16 [INFO] 加载箭头模板完成
17:35:16 [INFO] 加载按钮模板完成
17:35:16 [INFO] 模板加载完成，3秒后开始...
17:35:19 [INFO] ============================================================
17:35:19 [INFO] 自动占卜开始!
17:35:19 [INFO] 按 F6 停止
17:35:19 [INFO] ============================================================
17:35:19 [INFO] 
===== 第 1 轮 =====
17:35:19 [INFO] ==================================================
17:35:19 [INFO] 步骤 1: 寻找并点击"开始占卜"按钮
17:35:19 [INFO] 找到游戏窗口: {'left': 640, 'top': 320, 'width': 1280, 'height': 800}
17:35:19 [ERROR] 未找到"开始占卜"按钮
17:35:19 [INFO] 本轮未成功，等待后重试...
17:35:21 [INFO] 收到停止指令，正在停止...
17:35:21 [INFO] 未找到"开始占卜"按钮，占卜可能已完成
17:35:21 [INFO] 
自动占卜结束! 共执行 1 轮
17:35:39 [INFO] 加载模板中...
17:35:39 [INFO] 加载数字模板 1: (84, 77, 3)
17:35:39 [INFO] 加载数字模板 2: (84, 81, 3)
17:35:39 [INFO] 加载数字模板 3: (80, 74, 3)
17:35:39 [INFO] 加载数字模板 4: (83, 74, 3)
17:35:39 [INFO] 加载数字模板 5: (74, 72, 3)
17:35:39 [INFO] 加载数字模板 6: (84, 79, 3)
17:35:39 [INFO] 加载数字模板 7: (85, 81, 3)
17:35:39 [INFO] 加载数字模板 8: (72, 78, 3)
17:35:39 [INFO] 加载数字模板 9: (80, 78, 3)
17:35:39 [INFO] 加载箭头模板完成
17:35:39 [INFO] 加载按钮模板完成
17:35:39 [INFO] 模板加载完成，3秒后开始...
17:35:42 [INFO] ============================================================
17:35:42 [INFO] 自动占卜开始!
17:35:42 [INFO] 按 F6 停止
17:35:42 [INFO] ============================================================
17:35:42 [INFO] 
===== 第 1 轮 =====
17:35:42 [INFO] ==================================================
17:35:42 [INFO] 步骤 1: 寻找并点击"开始占卜"按钮
17:35:42 [INFO] 找到游戏窗口: {'left': 640, 'top': 320, 'width': 1280, 'height': 800}
17:35:42 [INFO] 找到"开始占卜"按钮: (466, 592)
17:35:45 [INFO] 步骤 2: 定位箭头，计算网格坐标...
17:35:46 [INFO] 通过箭头计算出全部 9 个格子坐标
17:35:46 [INFO] 网格坐标:
17:35:46 [INFO]   pos=0 (行0,列0): (349, 229)
17:35:46 [INFO]   pos=1 (行0,列1): (461, 229)
17:35:46 [INFO]   pos=2 (行0,列2): (578, 229)
17:35:46 [INFO]   pos=3 (行1,列0): (349, 345)
17:35:46 [INFO]   pos=4 (行1,列1): (461, 345)
17:35:46 [INFO]   pos=5 (行1,列2): (578, 345)
17:35:46 [INFO]   pos=6 (行2,列0): (349, 460)
17:35:46 [INFO]   pos=7 (行2,列1): (461, 460)
17:35:46 [INFO]   pos=8 (行2,列2): (578, 460)
17:35:46 [INFO] 步骤 3: 等待系统自动翻牌...
17:35:46 [INFO] 系统翻牌: {8: 9}
17:35:46 [INFO] 步骤 4: 自适应翻牌...
17:35:46 [INFO] 自适应翻牌: 选择格子 0 (预期最佳EV=107.0)
17:35:46 [INFO] 翻开第 1/3 张: pos=0 at (349, 229)
17:35:48 [INFO]   翻牌成功: {0: 6, 8: 9} (2 张)
17:35:48 [INFO] 自适应翻牌: 选择格子 4 (预期最佳EV=151.5)
17:35:48 [INFO] 翻开第 2/3 张: pos=4 at (461, 345)
17:35:50 [INFO]   翻牌成功: {0: 6, 4: 3, 8: 9} (3 张)
17:35:50 [INFO] 自适应翻牌: 选择格子 2 (预期最佳EV=128.7)
17:35:50 [INFO] 翻开第 3/3 张: pos=2 at (578, 229)
17:35:52 [WARNING]   翻牌未生效 (第1次), 重试...
17:35:55 [WARNING]   翻牌未生效 (第2次), 重试...
17:35:57 [WARNING]   翻牌未生效 (第3次), 重试...
17:35:58 [WARNING]   翻牌重试3次仍未成功，继续...
17:35:58 [INFO] 步骤 5: 最终扫描确认...
17:36:03 [WARNING] 等待超时: 扫描4张牌
17:36:03 [WARNING] 只识别到 3 张牌，使用已有信息继续
17:36:03 [INFO] 已翻开的牌: {0: 6, 4: 3, 8: 9}
17:36:03 [INFO] 步骤 6: 计算期望值并选择最佳线...
17:36:03 [INFO] 各线期望值:
17:36:03 [INFO]   l0 [?,3,?] EV=71.3 ★
17:36:03 [INFO]   l1 [?,?,9] EV=71.3
17:36:03 [INFO]   l2 [?,3,?] EV=71.3
17:36:03 [INFO]   l3 [6,?,?] EV=28.7
17:36:03 [INFO]   l4 [6,3,9] EV=20.0
17:36:03 [INFO]   l5 [6,?,?] EV=28.7
17:36:03 [INFO]   l6 [?,3,?] EV=71.3
17:36:03 [INFO]   l7 [?,?,9] EV=71.3
17:36:03 [INFO] 选择箭头 l0, 期望值=71.3
17:36:03 [INFO] 步骤 7: 点击箭头...
17:36:04 [INFO] 点击箭头 l0 at (274, 539) (第1次)
17:36:06 [WARNING] 点击箭头后未出现确认按钮，重试...
17:36:07 [INFO] 点击箭头 l0 at (274, 539) (第2次)
17:36:07 [INFO] 收到停止指令，正在停止...
17:36:10 [WARNING] 点击箭头后未出现确认按钮，重试...
17:36:11 [INFO] 点击箭头 l0 at (274, 539) (第3次)
17:36:12 [WARNING] 点击箭头后未出现确认按钮，重试...
17:36:12 [INFO] 步骤 8: 点击"确认选择"按钮...
17:36:12 [WARNING] 未找到确认按钮 (第1次)
17:36:13 [WARNING] 未找到确认按钮 (第2次)
17:36:14 [WARNING] 未找到确认按钮 (第3次)
17:36:15 [INFO] 本轮占卜完成!
17:36:15 [INFO] 
自动占卜结束! 共执行 1 轮
17:36:51 [INFO] 加载模板中...
17:36:51 [INFO] 加载数字模板 1: (84, 77, 3)
17:36:51 [INFO] 加载数字模板 2: (84, 81, 3)
17:36:51 [INFO] 加载数字模板 3: (80, 74, 3)
17:36:51 [INFO] 加载数字模板 4: (83, 74, 3)
17:36:51 [INFO] 加载数字模板 5: (74, 72, 3)
17:36:51 [INFO] 加载数字模板 6: (84, 79, 3)
17:36:51 [INFO] 加载数字模板 7: (85, 81, 3)
17:36:51 [INFO] 加载数字模板 8: (72, 78, 3)
17:36:51 [INFO] 加载数字模板 9: (80, 78, 3)
17:36:51 [INFO] 加载箭头模板完成
17:36:51 [INFO] 加载按钮模板完成
17:36:51 [INFO] 模板加载完成，3秒后开始...
17:36:54 [INFO] ============================================================
17:36:54 [INFO] 自动占卜开始!
17:36:54 [INFO] 按 F6 停止
17:36:54 [INFO] ============================================================
17:36:54 [INFO] 
===== 第 1 轮 =====
17:36:54 [INFO] ==================================================
17:36:54 [INFO] 步骤 1: 寻找并点击"开始占卜"按钮
17:36:54 [INFO] 找到"开始占卜"按钮: (466, 592)
17:36:57 [INFO] 步骤 2: 定位箭头，计算网格坐标...
17:36:57 [INFO] 通过箭头计算出全部 9 个格子坐标
17:36:57 [INFO] 网格坐标:
17:36:57 [INFO]   pos=0 (行0,列0): (349, 229)
17:36:57 [INFO]   pos=1 (行0,列1): (461, 229)
17:36:57 [INFO]   pos=2 (行0,列2): (578, 229)
17:36:57 [INFO]   pos=3 (行1,列0): (349, 345)
17:36:57 [INFO]   pos=4 (行1,列1): (461, 345)
17:36:57 [INFO]   pos=5 (行1,列2): (578, 345)
17:36:57 [INFO]   pos=6 (行2,列0): (349, 460)
17:36:57 [INFO]   pos=7 (行2,列1): (461, 460)
17:36:57 [INFO]   pos=8 (行2,列2): (578, 460)
17:36:57 [INFO] 步骤 3: 等待系统自动翻牌...
17:36:57 [INFO] 系统翻牌: {4: 1}
17:36:57 [INFO] 步骤 4: 自适应翻牌...
17:36:57 [INFO] 自适应翻牌: 选择格子 0 (预期最佳EV=107.0)
17:36:57 [INFO] 翻开第 1/3 张: pos=0 at (349, 229)
17:36:59 [INFO]   翻牌成功: {0: 3, 4: 1} (2 张)
17:36:59 [INFO] 自适应翻牌: 选择格子 8 (预期最佳EV=159.0)
17:36:59 [INFO] 翻开第 2/3 张: pos=8 at (578, 460)
17:37:01 [INFO]   翻牌成功: {0: 3, 4: 1, 8: 7} (3 张)
17:37:01 [INFO] 自适应翻牌: 选择格子 2 (预期最佳EV=126.7)
17:37:01 [INFO] 翻开第 3/3 张: pos=2 at (578, 229)
17:37:03 [WARNING]   翻牌未生效 (第1次), 重试...
17:37:06 [WARNING]   翻牌未生效 (第2次), 重试...
17:37:09 [WARNING]   翻牌未生效 (第3次), 重试...
17:37:09 [WARNING]   翻牌重试3次仍未成功，继续...
17:37:09 [INFO] 步骤 5: 最终扫描确认...
17:37:11 [INFO] 收到停止指令，正在停止...
17:37:11 [WARNING] 只识别到 3 张牌，使用已有信息继续
17:37:11 [INFO] 已翻开的牌: {0: 3, 4: 1, 8: 7}
17:37:11 [INFO] 步骤 6: 计算期望值并选择最佳线...
17:37:11 [INFO] 各线期望值:
17:37:11 [INFO]   l0 [?,1,?] EV=66.0
17:37:11 [INFO]   l1 [?,?,7] EV=74.0 ★
17:37:11 [INFO]   l2 [?,1,?] EV=66.0
17:37:11 [INFO]   l3 [3,?,?] EV=26.7
17:37:11 [INFO]   l4 [3,1,7] EV=30.0
17:37:11 [INFO]   l5 [3,?,?] EV=26.7
17:37:11 [INFO]   l6 [?,1,?] EV=66.0
17:37:11 [INFO]   l7 [?,?,7] EV=74.0
17:37:11 [INFO] 选择箭头 l1, 期望值=74.0
17:37:11 [INFO] 步骤 7: 点击箭头...
17:37:12 [INFO] 点击箭头 l1 at (np.int64(261), np.int64(460)) (第1次)
17:37:12 [WARNING] 点击箭头后未出现确认按钮，重试...
17:37:13 [INFO] 点击箭头 l1 at (np.int64(261), np.int64(460)) (第2次)
17:37:14 [WARNING] 点击箭头后未出现确认按钮，重试...
17:37:14 [INFO] 点击箭头 l1 at (np.int64(261), np.int64(460)) (第3次)
17:37:15 [WARNING] 点击箭头后未出现确认按钮，重试...
17:37:15 [INFO] 步骤 8: 点击"确认选择"按钮...
17:37:15 [WARNING] 未找到确认按钮 (第1次)
17:37:17 [WARNING] 未找到确认按钮 (第2次)
17:38:53 [INFO] 加载模板中...
17:38:53 [INFO] 加载数字模板 1: (84, 77, 3)
17:38:53 [INFO] 加载数字模板 2: (84, 81, 3)
17:38:53 [INFO] 加载数字模板 3: (80, 74, 3)
17:38:53 [INFO] 加载数字模板 4: (83, 74, 3)
17:38:53 [INFO] 加载数字模板 5: (74, 72, 3)
17:38:53 [INFO] 加载数字模板 6: (84, 79, 3)
17:38:53 [INFO] 加载数字模板 7: (85, 81, 3)
17:38:53 [INFO] 加载数字模板 8: (72, 78, 3)
17:38:53 [INFO] 加载数字模板 9: (80, 78, 3)
17:38:53 [INFO] 加载箭头模板完成
17:38:53 [INFO] 加载按钮模板完成
17:38:53 [INFO] 模板加载完成，3秒后开始...
17:38:56 [INFO] ============================================================
17:38:56 [INFO] 自动占卜开始!
17:38:56 [INFO] 按 F6 停止
17:38:56 [INFO] ============================================================
17:38:56 [INFO] 
===== 第 1 轮 =====
17:38:56 [INFO] ==================================================
17:38:56 [INFO] 步骤 1: 寻找并点击"开始占卜"按钮
17:38:56 [INFO] 找到游戏窗口: {'left': 640, 'top': 320, 'width': 1280, 'height': 800}
17:38:56 [INFO] 找到"开始占卜"按钮: (466, 592)
17:38:59 [INFO] 步骤 2: 定位箭头，计算网格坐标...
17:38:59 [INFO] 通过箭头计算出全部 9 个格子坐标
17:38:59 [INFO] 网格坐标:
17:38:59 [INFO]   pos=0 (行0,列0): (349, 229)
17:38:59 [INFO]   pos=1 (行0,列1): (461, 229)
17:38:59 [INFO]   pos=2 (行0,列2): (578, 229)
17:38:59 [INFO]   pos=3 (行1,列0): (349, 345)
17:38:59 [INFO]   pos=4 (行1,列1): (461, 345)
17:38:59 [INFO]   pos=5 (行1,列2): (578, 345)
17:38:59 [INFO]   pos=6 (行2,列0): (349, 460)
17:38:59 [INFO]   pos=7 (行2,列1): (461, 460)
17:38:59 [INFO]   pos=8 (行2,列2): (578, 460)
17:38:59 [INFO] 步骤 3: 等待系统自动翻牌...
17:38:59 [INFO] 系统翻牌: {3: 2}
17:38:59 [INFO] 步骤 4: 自适应翻牌...
17:38:59 [INFO] 自适应翻牌: 选择格子 0 (预期最佳EV=99.6)
17:38:59 [INFO] 翻开第 1/3 张: pos=0 at (349, 229)
17:39:01 [INFO]   翻牌成功: {0: 8, 3: 2} (2 张)
17:39:01 [INFO] 自适应翻牌: 选择格子 4 (预期最佳EV=142.7)
17:39:01 [INFO] 翻开第 2/3 张: pos=4 at (461, 345)
17:39:03 [INFO]   翻牌成功: {0: 8, 3: 2, 4: 4} (3 张)
17:39:03 [INFO] 自适应翻牌: 选择格子 5 (预期最佳EV=162.0)
17:39:03 [INFO] 翻开第 3/3 张: pos=5 at (578, 345)
17:39:05 [INFO]   翻牌成功: {0: 8, 3: 2, 4: 4, 5: 6} (4 张)
17:39:05 [INFO] 步骤 5: 最终扫描确认...
17:39:05 [INFO] 已翻开的牌: {0: 8, 3: 2, 4: 4, 5: 6}
17:39:05 [INFO] 步骤 6: 计算期望值并选择最佳线...
17:39:05 [INFO] 各线期望值:
17:39:05 [INFO]   l0 [?,4,?] EV=35.0
17:39:05 [INFO]   l1 [?,?,?] EV=36.0
17:39:05 [INFO]   l2 [2,4,6] EV=20.0
17:39:05 [INFO]   l3 [8,?,?] EV=84.0 ★
17:39:05 [INFO]   l4 [8,4,?] EV=36.0
17:39:05 [INFO]   l5 [8,2,?] EV=22.0
17:39:05 [INFO]   l6 [?,4,?] EV=35.0
17:39:05 [INFO]   l7 [?,6,?] EV=35.0
17:39:05 [INFO] 选择箭头 l3, 期望值=84.0
17:39:05 [INFO] 步骤 7: 点击箭头...
17:39:05 [INFO] 点击箭头 l3 at (np.int64(261), np.int64(229)) (第1次)
17:39:05 [ERROR] 执行出错: argument 1: TypeError: Don't know how to convert parameter 1
Traceback (most recent call last):
  File "D:\ai\300xp\main.py", line 282, in run_automation
    success = run_single_divination(templates)
  File "D:\ai\300xp\main.py", line 227, in run_single_divination
    safe_click(*arrow_pos, delay=DELAY_AFTER_CHOOSE)
    ~~~~~~~~~~^^^^^^^^^^^^^^^^^^^^^^^^^^^^^^^^^^^^^^
  File "D:\ai\300xp\main.py", line 64, in safe_click
    ctypes.windll.user32.SetCursorPos(abs_x, abs_y)
    ~~~~~~~~~~~~~~~~~~~~~~~~~~~~~~~~~^^^^^^^^^^^^^^
ctypes.ArgumentError: argument 1: TypeError: Don't know how to convert parameter 1
17:39:07 [INFO] 
===== 第 2 轮 =====
17:39:07 [INFO] ==================================================
17:39:07 [INFO] 步骤 1: 寻找并点击"开始占卜"按钮
17:39:07 [ERROR] 未找到"开始占卜"按钮
17:39:07 [INFO] 本轮未成功，等待后重试...
17:39:09 [INFO] 未找到"开始占卜"按钮，占卜可能已完成
17:39:09 [INFO] 
自动占卜结束! 共执行 2 轮
17:39:54 [INFO] 加载模板中...
17:39:54 [INFO] 加载数字模板 1: (84, 77, 3)
17:39:54 [INFO] 加载数字模板 2: (84, 81, 3)
17:39:54 [INFO] 加载数字模板 3: (80, 74, 3)
17:39:54 [INFO] 加载数字模板 4: (83, 74, 3)
17:39:54 [INFO] 加载数字模板 5: (74, 72, 3)
17:39:54 [INFO] 加载数字模板 6: (84, 79, 3)
17:39:54 [INFO] 加载数字模板 7: (85, 81, 3)
17:39:54 [INFO] 加载数字模板 8: (72, 78, 3)
17:39:54 [INFO] 加载数字模板 9: (80, 78, 3)
17:39:54 [INFO] 加载箭头模板完成
17:39:54 [INFO] 加载按钮模板完成
17:39:54 [INFO] 模板加载完成，3秒后开始...
17:39:57 [INFO] ============================================================
17:39:57 [INFO] 自动占卜开始!
17:39:57 [INFO] 按 F6 停止
17:39:57 [INFO] ============================================================
17:39:57 [INFO] 
===== 第 1 轮 =====
17:39:57 [INFO] ==================================================
17:39:57 [INFO] 步骤 1: 寻找并点击"开始占卜"按钮
17:39:57 [INFO] 找到游戏窗口: {'left': 640, 'top': 320, 'width': 1280, 'height': 800}
17:39:57 [INFO] 找到"开始占卜"按钮: (466, 592)
17:40:00 [INFO] 步骤 2: 定位箭头，计算网格坐标...
17:40:01 [INFO] 通过箭头计算出全部 9 个格子坐标
17:40:01 [INFO] 网格坐标:
17:40:01 [INFO]   pos=0 (行0,列0): (349, 229)
17:40:01 [INFO]   pos=1 (行0,列1): (461, 229)
17:40:01 [INFO]   pos=2 (行0,列2): (578, 229)
17:40:01 [INFO]   pos=3 (行1,列0): (349, 345)
17:40:01 [INFO]   pos=4 (行1,列1): (461, 345)
17:40:01 [INFO]   pos=5 (行1,列2): (578, 345)
17:40:01 [INFO]   pos=6 (行2,列0): (349, 460)
17:40:01 [INFO]   pos=7 (行2,列1): (461, 460)
17:40:01 [INFO]   pos=8 (行2,列2): (578, 460)
17:40:01 [INFO] 步骤 3: 等待系统自动翻牌...
17:40:01 [INFO] 系统翻牌: {5: 1}
17:40:01 [INFO] 步骤 4: 自适应翻牌...
17:40:01 [INFO] 自适应翻牌: 选择格子 2 (预期最佳EV=107.0)
17:40:01 [INFO] 翻开第 1/3 张: pos=2 at (578, 229)
17:40:02 [WARNING]   翻牌未生效 (第1次), 重试...
17:40:05 [WARNING]   翻牌未生效 (第2次), 重试...
17:40:07 [WARNING]   翻牌未生效 (第3次), 重试...
17:40:07 [WARNING]   翻牌重试3次仍未成功，继续...
17:40:07 [INFO] 自适应翻牌: 选择格子 2 (预期最佳EV=107.0)
17:40:07 [INFO] 翻开第 2/3 张: pos=2 at (578, 229)
17:40:09 [WARNING]   翻牌未生效 (第1次), 重试...
17:41:44 [INFO] 加载模板中...
17:41:44 [INFO] 加载数字模板 1: (84, 77, 3)
17:41:44 [INFO] 加载数字模板 2: (84, 81, 3)
17:41:44 [INFO] 加载数字模板 3: (80, 74, 3)
17:41:44 [INFO] 加载数字模板 4: (83, 74, 3)
17:41:44 [INFO] 加载数字模板 5: (74, 72, 3)
17:41:44 [INFO] 加载数字模板 6: (84, 79, 3)
17:41:44 [INFO] 加载数字模板 7: (85, 81, 3)
17:41:44 [INFO] 加载数字模板 8: (72, 78, 3)
17:41:44 [INFO] 加载数字模板 9: (80, 78, 3)
17:41:44 [INFO] 加载箭头模板完成
17:41:44 [INFO] 加载按钮模板完成
17:41:44 [INFO] 模板加载完成，3秒后开始...
17:41:47 [INFO] ============================================================
17:41:47 [INFO] 自动占卜开始!
17:41:47 [INFO] 按 F6 停止
17:41:47 [INFO] ============================================================
17:41:47 [INFO] 
===== 第 1 轮 =====
17:41:47 [INFO] ==================================================
17:41:47 [INFO] 步骤 1: 寻找并点击"开始占卜"按钮
17:41:47 [INFO] 找到游戏窗口: {'left': 640, 'top': 320, 'width': 1280, 'height': 800}
17:41:47 [INFO] 找到"开始占卜"按钮: (466, 592)
17:41:49 [INFO] 步骤 2: 定位箭头，计算网格坐标...
17:41:50 [INFO] 通过箭头计算出全部 9 个格子坐标
17:41:50 [INFO] 网格坐标:
17:41:50 [INFO]   pos=0 (行0,列0): (364, 244)
17:41:50 [INFO]   pos=1 (行0,列1): (476, 244)
17:41:50 [INFO]   pos=2 (行0,列2): (563, 244)
17:41:50 [INFO]   pos=3 (行1,列0): (364, 330)
17:41:50 [INFO]   pos=4 (行1,列1): (476, 330)
17:41:50 [INFO]   pos=5 (行1,列2): (563, 330)
17:41:50 [INFO]   pos=6 (行2,列0): (364, 445)
17:41:50 [INFO]   pos=7 (行2,列1): (476, 445)
17:41:50 [INFO]   pos=8 (行2,列2): (563, 445)
17:41:50 [INFO] 步骤 3: 等待系统自动翻牌...
17:41:50 [INFO] 系统翻牌: {6: 5}
17:41:50 [INFO] 步骤 4: 自适应翻牌...
17:41:50 [INFO] 自适应翻牌: 选择格子 0 (预期最佳EV=73.7)
17:41:50 [INFO] 翻开第 1/3 张: pos=0 at (364, 244)
17:41:52 [INFO]   翻牌成功: {0: 2, 6: 5} (2 张)
17:41:52 [INFO] 自适应翻牌: 选择格子 1 (预期最佳EV=115.0)
17:41:52 [INFO] 翻开第 2/3 张: pos=1 at (476, 244)
17:41:54 [INFO]   翻牌成功: {0: 2, 1: 8, 6: 5} (3 张)
17:41:54 [INFO] 自适应翻牌: 选择格子 4 (预期最佳EV=165.3)
17:41:54 [INFO] 翻开第 3/3 张: pos=4 at (476, 330)
17:41:55 [INFO]   翻牌成功: {0: 2, 1: 8, 4: 4, 6: 5} (4 张)
17:41:55 [INFO] 步骤 5: 最终扫描确认...
17:41:55 [INFO] 已翻开的牌: {0: 2, 1: 8, 4: 4, 6: 5}
17:41:55 [INFO] 步骤 6: 计算期望值并选择最佳线...
17:41:55 [INFO] 各线期望值:
17:41:55 [INFO]   l0 [5,4,?] EV=22.0
17:41:55 [INFO]   l1 [5,?,?] EV=36.0
17:41:55 [INFO]   l2 [?,4,?] EV=35.0
17:41:55 [INFO]   l3 [2,8,?] EV=22.0
17:41:55 [INFO]   l4 [2,4,?] EV=130.0 ★
17:41:55 [INFO]   l5 [2,?,5] EV=48.0
17:41:55 [INFO]   l6 [8,4,?] EV=36.0
17:41:55 [INFO]   l7 [?,?,?] EV=35.0
17:41:55 [INFO] 选择箭头 l4, 期望值=130.0
17:41:55 [INFO] 步骤 7: 点击箭头...
17:41:56 [INFO] 点击箭头 l4 at (281, 153) (第1次)
17:41:58 [INFO] 步骤 8: 点击"确认选择"按钮...
17:41:58 [INFO] 点击"确认选择": (464, 594) (第1次)
17:42:02 [INFO] 本轮占卜完成!
17:42:02 [INFO] 
===== 第 2 轮 =====
17:42:02 [INFO] ==================================================
17:42:02 [INFO] 步骤 1: 寻找并点击"开始占卜"按钮
17:42:02 [INFO] 找到"开始占卜"按钮: (466, 592)
17:42:04 [INFO] 步骤 2: 定位箭头，计算网格坐标...
17:42:05 [INFO] 通过箭头计算出全部 9 个格子坐标
17:42:05 [INFO] 网格坐标:
17:42:05 [INFO]   pos=0 (行0,列0): (364, 244)
17:42:05 [INFO]   pos=1 (行0,列1): (476, 244)
17:42:05 [INFO]   pos=2 (行0,列2): (563, 244)
17:42:05 [INFO]   pos=3 (行1,列0): (364, 330)
17:42:05 [INFO]   pos=4 (行1,列1): (476, 330)
17:42:05 [INFO]   pos=5 (行1,列2): (563, 330)
17:42:05 [INFO]   pos=6 (行2,列0): (364, 445)
17:42:05 [INFO]   pos=7 (行2,列1): (476, 445)
17:42:05 [INFO]   pos=8 (行2,列2): (563, 445)
17:42:05 [INFO] 步骤 3: 等待系统自动翻牌...
17:42:05 [INFO] 系统翻牌: {1: 6}
17:42:05 [INFO] 步骤 4: 自适应翻牌...
17:42:05 [INFO] 自适应翻牌: 选择格子 0 (预期最佳EV=78.8)
17:42:05 [INFO] 翻开第 1/3 张: pos=0 at (364, 244)
17:42:07 [INFO]   翻牌成功: {0: 5, 1: 6} (2 张)
17:42:07 [INFO] 自适应翻牌: 选择格子 4 (预期最佳EV=92.2)
17:42:07 [INFO] 翻开第 2/3 张: pos=4 at (476, 330)
17:42:08 [INFO]   翻牌成功: {0: 5, 1: 6, 4: 3} (3 张)
17:42:08 [INFO] 自适应翻牌: 选择格子 2 (预期最佳EV=102.7)
17:42:08 [INFO] 翻开第 3/3 张: pos=2 at (563, 244)
17:42:10 [INFO]   翻牌成功: {0: 5, 1: 6, 2: 4, 4: 3} (4 张)
17:42:10 [INFO] 步骤 5: 最终扫描确认...
17:42:10 [INFO] 已翻开的牌: {0: 5, 1: 6, 2: 4, 4: 3}
17:42:10 [INFO] 步骤 6: 计算期望值并选择最佳线...
17:42:10 [INFO] 各线期望值:
17:42:10 [INFO]   l0 [?,3,4] EV=56.0
17:42:10 [INFO]   l1 [?,?,?] EV=72.0
17:42:10 [INFO]   l2 [?,3,?] EV=72.0
17:42:10 [INFO]   l3 [5,6,4] EV=10.0
17:42:10 [INFO]   l4 [5,3,?] EV=38.0
17:42:10 [INFO]   l5 [5,?,?] EV=52.0
17:42:10 [INFO]   l6 [6,3,?] EV=26.0
17:42:10 [INFO]   l7 [4,?,?] EV=77.0 ★
17:42:10 [INFO] 选择箭头 l7, 期望值=77.0
17:42:10 [INFO] 步骤 7: 点击箭头...
17:42:11 [INFO] 点击箭头 l7 at (np.int64(578), np.int64(144)) (第1次)
17:42:13 [INFO] 步骤 8: 点击"确认选择"按钮...
17:42:13 [INFO] 点击"确认选择": (464, 594) (第1次)
17:42:17 [INFO] 本轮占卜完成!
17:42:17 [INFO] 
===== 第 3 轮 =====
17:42:17 [INFO] ==================================================
17:42:17 [INFO] 步骤 1: 寻找并点击"开始占卜"按钮
17:42:17 [INFO] 找到"开始占卜"按钮: (466, 592)
17:42:19 [INFO] 步骤 2: 定位箭头，计算网格坐标...
17:42:20 [INFO] 通过箭头计算出全部 9 个格子坐标
17:42:20 [INFO] 网格坐标:
17:42:20 [INFO]   pos=0 (行0,列0): (364, 244)
17:42:20 [INFO]   pos=1 (行0,列1): (476, 244)
17:42:20 [INFO]   pos=2 (行0,列2): (563, 244)
17:42:20 [INFO]   pos=3 (行1,列0): (364, 330)
17:42:20 [INFO]   pos=4 (行1,列1): (476, 330)
17:42:20 [INFO]   pos=5 (行1,列2): (563, 330)
17:42:20 [INFO]   pos=6 (行2,列0): (364, 445)
17:42:20 [INFO]   pos=7 (行2,列1): (476, 445)
17:42:20 [INFO]   pos=8 (行2,列2): (563, 445)
17:42:20 [INFO] 步骤 3: 等待系统自动翻牌...
17:42:20 [INFO] 系统翻牌: {7: 7}
17:42:20 [INFO] 步骤 4: 自适应翻牌...
17:42:20 [INFO] 自适应翻牌: 选择格子 1 (预期最佳EV=81.8)
17:42:20 [INFO] 翻开第 1/3 张: pos=1 at (476, 244)
17:42:22 [INFO]   翻牌成功: {1: 3, 7: 7} (2 张)
17:42:22 [INFO] 自适应翻牌: 选择格子 6 (预期最佳EV=85.5)
17:42:22 [INFO] 翻开第 2/3 张: pos=6 at (364, 445)
17:42:23 [INFO]   翻牌成功: {1: 3, 6: 1, 7: 7} (3 张)
17:42:23 [INFO] 自适应翻牌: 选择格子 0 (预期最佳EV=103.5)
17:42:23 [INFO] 翻开第 3/3 张: pos=0 at (364, 244)
17:42:25 [INFO]   翻牌成功: {0: 6, 1: 3, 6: 1, 7: 7} (4 张)
17:42:25 [INFO] 步骤 5: 最终扫描确认...
17:42:25 [INFO] 已翻开的牌: {0: 6, 1: 3, 6: 1, 7: 7}
17:42:25 [INFO] 步骤 6: 计算期望值并选择最佳线...
17:42:25 [INFO] 各线期望值:
17:42:25 [INFO]   l0 [1,?,?] EV=82.0 ★
17:42:25 [INFO]   l1 [1,7,?] EV=24.0
17:42:25 [INFO]   l2 [?,?,?] EV=39.0
17:42:25 [INFO]   l3 [6,3,?] EV=20.0
17:42:25 [INFO]   l4 [6,?,?] EV=71.0
17:42:25 [INFO]   l5 [6,?,1] EV=34.0
17:42:25 [INFO]   l6 [3,?,7] EV=18.0
17:42:25 [INFO]   l7 [?,?,?] EV=39.0
17:42:25 [INFO] 选择箭头 l0, 期望值=82.0
17:42:25 [INFO] 步骤 7: 点击箭头...
17:42:26 [INFO] 点击箭头 l0 at (274, 539) (第1次)
17:42:28 [INFO] 步骤 8: 点击"确认选择"按钮...
17:42:28 [INFO] 点击"确认选择": (464, 594) (第1次)
17:42:31 [INFO] 本轮占卜完成!
17:42:31 [INFO] 
===== 第 4 轮 =====
17:42:31 [INFO] ==================================================
17:42:31 [INFO] 步骤 1: 寻找并点击"开始占卜"按钮
17:42:32 [INFO] 找到"开始占卜"按钮: (466, 592)
17:42:34 [INFO] 步骤 2: 定位箭头，计算网格坐标...
17:42:35 [INFO] 通过箭头计算出全部 9 个格子坐标
17:42:35 [INFO] 网格坐标:
17:42:35 [INFO]   pos=0 (行0,列0): (364, 244)
17:42:35 [INFO]   pos=1 (行0,列1): (476, 244)
17:42:35 [INFO]   pos=2 (行0,列2): (563, 244)
17:42:35 [INFO]   pos=3 (行1,列0): (364, 330)
17:42:35 [INFO]   pos=4 (行1,列1): (476, 330)
17:42:35 [INFO]   pos=5 (行1,列2): (563, 330)
17:42:35 [INFO]   pos=6 (行2,列0): (364, 445)
17:42:35 [INFO]   pos=7 (行2,列1): (476, 445)
17:42:35 [INFO]   pos=8 (行2,列2): (563, 445)
17:42:35 [INFO] 步骤 3: 等待系统自动翻牌...
17:42:35 [INFO] 系统翻牌: {7: 5}
17:42:35 [INFO] 步骤 4: 自适应翻牌...
17:42:35 [INFO] 自适应翻牌: 选择格子 0 (预期最佳EV=73.7)
17:42:35 [INFO] 翻开第 1/3 张: pos=0 at (364, 244)
17:42:36 [INFO]   翻牌成功: {0: 3, 7: 5} (2 张)
17:42:36 [INFO] 自适应翻牌: 选择格子 2 (预期最佳EV=95.2)
17:42:36 [INFO] 翻开第 2/3 张: pos=2 at (563, 244)
17:42:38 [INFO]   翻牌成功: {0: 3, 2: 8, 7: 5} (3 张)
17:42:38 [INFO] 自适应翻牌: 选择格子 4 (预期最佳EV=149.2)
17:42:38 [INFO] 翻开第 3/3 张: pos=4 at (476, 330)
17:42:40 [INFO]   翻牌成功: {0: 3, 2: 8, 4: 6, 7: 5} (4 张)
17:42:40 [INFO] 步骤 5: 最终扫描确认...
17:42:40 [INFO] 已翻开的牌: {0: 3, 2: 8, 4: 6, 7: 5}
17:42:40 [INFO] 步骤 6: 计算期望值并选择最佳线...
17:42:40 [INFO] 各线期望值:
17:42:40 [INFO]   l0 [?,6,8] EV=128.0 ★
17:42:40 [INFO]   l1 [?,5,?] EV=41.0
17:42:40 [INFO]   l2 [?,6,?] EV=40.0
17:42:40 [INFO]   l3 [3,?,8] EV=24.0
17:42:40 [INFO]   l4 [3,6,?] EV=26.0
17:42:40 [INFO]   l5 [3,?,?] EV=88.0
17:42:40 [INFO]   l6 [?,6,5] EV=24.0
17:42:40 [INFO]   l7 [8,?,?] EV=77.0
17:42:40 [INFO] 选择箭头 l0, 期望值=128.0
17:42:40 [INFO] 步骤 7: 点击箭头...
17:42:41 [INFO] 点击箭头 l0 at (274, 539) (第1次)
17:42:43 [INFO] 步骤 8: 点击"确认选择"按钮...
17:42:43 [INFO] 点击"确认选择": (464, 594) (第1次)
17:42:46 [INFO] 本轮占卜完成!
17:42:46 [INFO] 
===== 第 5 轮 =====
17:42:46 [INFO] ==================================================
17:42:46 [INFO] 步骤 1: 寻找并点击"开始占卜"按钮
17:42:46 [INFO] 找到"开始占卜"按钮: (466, 592)
17:42:49 [INFO] 步骤 2: 定位箭头，计算网格坐标...
17:42:50 [INFO] 通过箭头计算出全部 9 个格子坐标
17:42:50 [INFO] 网格坐标:
17:42:50 [INFO]   pos=0 (行0,列0): (364, 244)
17:42:50 [INFO]   pos=1 (行0,列1): (476, 244)
17:42:50 [INFO]   pos=2 (行0,列2): (563, 244)
17:42:50 [INFO]   pos=3 (行1,列0): (364, 330)
17:42:50 [INFO]   pos=4 (行1,列1): (476, 330)
17:42:50 [INFO]   pos=5 (行1,列2): (563, 330)
17:42:50 [INFO]   pos=6 (行2,列0): (364, 445)
17:42:50 [INFO]   pos=7 (行2,列1): (476, 445)
17:42:50 [INFO]   pos=8 (行2,列2): (563, 445)
17:42:50 [INFO] 步骤 3: 等待系统自动翻牌...
17:42:50 [INFO] 系统翻牌: {0: 9}
17:42:50 [INFO] 步骤 4: 自适应翻牌...
17:42:50 [INFO] 自适应翻牌: 选择格子 1 (预期最佳EV=107.0)
17:42:50 [INFO] 翻开第 1/3 张: pos=1 at (476, 244)
17:42:51 [INFO]   翻牌成功: {0: 9, 1: 4} (2 张)
17:42:51 [INFO] 自适应翻牌: 选择格子 4 (预期最佳EV=130.5)
17:42:51 [INFO] 翻开第 2/3 张: pos=4 at (476, 330)
17:42:53 [INFO]   翻牌成功: {0: 9, 1: 4, 4: 5} (3 张)
17:42:53 [INFO] 自适应翻牌: 选择格子 6 (预期最佳EV=122.7)
17:42:53 [INFO] 翻开第 3/3 张: pos=6 at (364, 445)
17:42:55 [INFO]   翻牌成功: {0: 9, 1: 4, 4: 5, 6: 6} (4 张)
17:42:55 [INFO] 步骤 5: 最终扫描确认...
17:42:55 [INFO] 已翻开的牌: {0: 9, 1: 4, 4: 5, 6: 6}
17:42:55 [INFO] 步骤 6: 计算期望值并选择最佳线...
17:42:55 [INFO] 各线期望值:
17:42:55 [INFO]   l0 [6,5,?] EV=20.0
17:42:55 [INFO]   l1 [6,?,?] EV=35.0
17:42:55 [INFO]   l2 [?,5,?] EV=42.0
17:42:55 [INFO]   l3 [9,4,?] EV=36.0
17:42:55 [INFO]   l4 [9,5,?] EV=58.0
17:42:55 [INFO]   l5 [9,?,6] EV=140.0 ★
17:42:55 [INFO]   l6 [4,5,?] EV=26.0
17:42:55 [INFO]   l7 [?,?,?] EV=72.0
17:42:55 [INFO] 选择箭头 l5, 期望值=140.0
17:42:55 [INFO] 步骤 7: 点击箭头...
17:42:55 [INFO] 点击箭头 l5 at (np.int64(349), np.int64(144)) (第1次)
17:42:58 [INFO] 步骤 8: 点击"确认选择"按钮...
17:42:58 [INFO] 点击"确认选择": (464, 594) (第1次)
17:43:01 [INFO] 本轮占卜完成!
17:43:01 [INFO] 
===== 第 6 轮 =====
17:43:01 [INFO] ==================================================
17:43:01 [INFO] 步骤 1: 寻找并点击"开始占卜"按钮
17:43:01 [INFO] 找到"开始占卜"按钮: (466, 592)
17:43:04 [INFO] 步骤 2: 定位箭头，计算网格坐标...
17:43:04 [INFO] 通过箭头计算出全部 9 个格子坐标
17:43:04 [INFO] 网格坐标:
17:43:04 [INFO]   pos=0 (行0,列0): (364, 244)
17:43:04 [INFO]   pos=1 (行0,列1): (476, 244)
17:43:04 [INFO]   pos=2 (行0,列2): (563, 244)
17:43:04 [INFO]   pos=3 (行1,列0): (364, 330)
17:43:04 [INFO]   pos=4 (行1,列1): (476, 330)
17:43:04 [INFO]   pos=5 (行1,列2): (563, 330)
17:43:04 [INFO]   pos=6 (行2,列0): (364, 445)
17:43:04 [INFO]   pos=7 (行2,列1): (476, 445)
17:43:04 [INFO]   pos=8 (行2,列2): (563, 445)
17:43:04 [INFO] 步骤 3: 等待系统自动翻牌...
17:43:05 [INFO] 系统翻牌: {7: 3}
17:43:05 [INFO] 步骤 4: 自适应翻牌...
17:43:05 [INFO] 自适应翻牌: 选择格子 1 (预期最佳EV=81.8)
17:43:05 [INFO] 翻开第 1/3 张: pos=1 at (476, 244)
17:43:06 [INFO]   翻牌成功: {1: 8, 7: 3} (2 张)
17:43:06 [INFO] 自适应翻牌: 选择格子 0 (预期最佳EV=101.2)
17:43:06 [INFO] 翻开第 2/3 张: pos=0 at (364, 244)
17:43:08 [INFO]   翻牌成功: {0: 6, 1: 8, 7: 3} (3 张)
17:43:08 [INFO] 自适应翻牌: 选择格子 2 (预期最佳EV=155.7)
17:43:08 [INFO] 翻开第 3/3 张: pos=2 at (563, 244)
17:43:10 [INFO]   翻牌成功: {0: 6, 1: 8, 2: 5, 7: 3} (4 张)
17:43:10 [INFO] 步骤 5: 最终扫描确认...
17:43:10 [INFO] 已翻开的牌: {0: 6, 1: 8, 2: 5, 7: 3}
17:43:10 [INFO] 步骤 6: 计算期望值并选择最佳线...
17:43:10 [INFO] 各线期望值:
17:43:10 [INFO]   l0 [?,?,5] EV=41.0
17:43:10 [INFO]   l1 [?,3,?] EV=88.0 ★
17:43:10 [INFO]   l2 [?,?,?] EV=72.0
17:43:10 [INFO]   l3 [6,8,5] EV=30.0
17:43:10 [INFO]   l4 [6,?,?] EV=40.0
17:43:10 [INFO]   l5 [6,?,?] EV=40.0
17:43:10 [INFO]   l6 [8,?,3] EV=24.0
17:43:10 [INFO]   l7 [5,?,?] EV=41.0
17:43:10 [INFO] 选择箭头 l1, 期望值=88.0
17:43:10 [INFO] 步骤 7: 点击箭头...
17:43:10 [INFO] 点击箭头 l1 at (np.int64(261), np.int64(460)) (第1次)
17:43:13 [INFO] 步骤 8: 点击"确认选择"按钮...
17:43:13 [INFO] 点击"确认选择": (464, 594) (第1次)
17:43:16 [INFO] 本轮占卜完成!
17:43:16 [INFO] 
===== 第 7 轮 =====
17:43:16 [INFO] ==================================================
17:43:16 [INFO] 步骤 1: 寻找并点击"开始占卜"按钮
17:43:16 [INFO] 找到"开始占卜"按钮: (466, 592)
17:43:19 [INFO] 步骤 2: 定位箭头，计算网格坐标...
17:43:19 [INFO] 通过箭头计算出全部 9 个格子坐标
17:43:19 [INFO] 网格坐标:
17:43:19 [INFO]   pos=0 (行0,列0): (364, 244)
17:43:19 [INFO]   pos=1 (行0,列1): (476, 244)
17:43:19 [INFO]   pos=2 (行0,列2): (563, 244)
17:43:19 [INFO]   pos=3 (行1,列0): (364, 330)
17:43:19 [INFO]   pos=4 (行1,列1): (476, 330)
17:43:19 [INFO]   pos=5 (行1,列2): (563, 330)
17:43:19 [INFO]   pos=6 (行2,列0): (364, 445)
17:43:19 [INFO]   pos=7 (行2,列1): (476, 445)
17:43:19 [INFO]   pos=8 (行2,列2): (563, 445)
17:43:19 [INFO] 步骤 3: 等待系统自动翻牌...
17:43:19 [INFO] 系统翻牌: {1: 7}
17:43:19 [INFO] 步骤 4: 自适应翻牌...
17:43:19 [INFO] 自适应翻牌: 选择格子 0 (预期最佳EV=81.8)
17:43:19 [INFO] 翻开第 1/3 张: pos=0 at (364, 244)
17:43:21 [INFO]   翻牌成功: {0: 2, 1: 7} (2 张)
17:43:21 [INFO] 自适应翻牌: 选择格子 4 (预期最佳EV=128.5)
17:43:21 [INFO] 翻开第 2/3 张: pos=4 at (476, 330)
17:43:23 [INFO]   翻牌成功: {0: 2, 1: 7, 4: 9} (3 张)
17:43:23 [INFO] 自适应翻牌: 选择格子 7 (预期最佳EV=176.5)
17:43:23 [INFO] 翻开第 3/3 张: pos=7 at (476, 445)
17:43:25 [INFO]   翻牌成功: {0: 2, 1: 7, 4: 9, 7: 1} (4 张)
17:43:25 [INFO] 步骤 5: 最终扫描确认...
17:43:25 [INFO] 已翻开的牌: {0: 2, 1: 7, 4: 9, 7: 1}
17:43:25 [INFO] 步骤 6: 计算期望值并选择最佳线...
17:43:25 [INFO] 各线期望值:
17:43:25 [INFO]   l0 [?,9,?] EV=95.0 ★
17:43:25 [INFO]   l1 [?,1,?] EV=46.0
17:43:25 [INFO]   l2 [?,9,?] EV=95.0
17:43:25 [INFO]   l3 [2,7,?] EV=16.0
17:43:25 [INFO]   l4 [2,9,?] EV=16.0
17:43:25 [INFO]   l5 [2,?,?] EV=30.0
17:43:25 [INFO]   l6 [7,9,1] EV=20.0
17:43:25 [INFO]   l7 [?,?,?] EV=17.0
17:43:25 [INFO] 选择箭头 l0, 期望值=95.0
17:43:25 [INFO] 步骤 7: 点击箭头...
17:43:25 [INFO] 点击箭头 l0 at (274, 539) (第1次)
17:43:28 [INFO] 步骤 8: 点击"确认选择"按钮...
17:43:28 [INFO] 点击"确认选择": (464, 594) (第1次)
17:47:33 [INFO] 加载模板中...
17:47:33 [INFO] 加载数字模板 1: (84, 77, 3)
17:47:33 [INFO] 加载数字模板 2: (84, 81, 3)
17:47:33 [INFO] 加载数字模板 3: (80, 74, 3)
17:47:33 [INFO] 加载数字模板 4: (83, 74, 3)
17:47:33 [INFO] 加载数字模板 5: (74, 72, 3)
17:47:33 [INFO] 加载数字模板 6: (84, 79, 3)
17:47:33 [INFO] 加载数字模板 7: (85, 81, 3)
17:47:33 [INFO] 加载数字模板 8: (72, 78, 3)
17:47:33 [INFO] 加载数字模板 9: (80, 78, 3)
17:47:33 [INFO] 加载箭头模板完成
17:47:33 [INFO] 加载按钮模板完成
17:47:33 [INFO] 模板加载完成
17:47:33 [INFO] 3秒后开始自动占卜...
17:47:36 [INFO] ============================================================
17:47:36 [INFO] 自动占卜开始! (最大 999 轮)
17:47:36 [INFO] ============================================================
17:47:36 [INFO] 
===== 第 1 轮 =====
17:47:36 [INFO] ==================================================
17:47:36 [INFO] 步骤 1: 寻找并点击"开始占卜"按钮
17:47:36 [DEBUG] 跳过无效窗口: "300英雄跨4战场交流群" at (-32000,-32000) size 160x28
17:47:36 [INFO] 找到游戏窗口: {'left': 640, 'top': 320, 'width': 1280, 'height': 800}
17:47:36 [DEBUG] 找到按钮 start: (466, 592)
17:47:36 [INFO] 找到"开始占卜"按钮: (466, 592)
17:47:39 [INFO] 步骤 2: 定位箭头，计算网格坐标...
17:47:40 [DEBUG] 找到 8 个箭头: [0, 1, 2, 3, 4, 5, 6, 7]
17:47:40 [DEBUG]   l0: (274, 539)
17:47:40 [DEBUG]   l1: (np.int64(261), np.int64(460))
17:47:40 [DEBUG]   l2: (np.int64(261), np.int64(345))
17:47:40 [DEBUG]   l3: (np.int64(261), np.int64(229))
17:47:40 [DEBUG]   l4: (281, 153)
17:47:40 [DEBUG]   l5: (np.int64(349), np.int64(144))
17:47:40 [DEBUG]   l6: (np.int64(461), np.int64(144))
17:47:40 [DEBUG]   l7: (np.int64(578), np.int64(144))
17:47:40 [INFO] 通过箭头计算出全部 9 个格子坐标
17:47:40 [DEBUG]   pos=0 (行0,列0): (364, 244)
17:47:40 [DEBUG]   pos=1 (行0,列1): (476, 244)
17:47:40 [DEBUG]   pos=2 (行0,列2): (563, 244)
17:47:40 [DEBUG]   pos=3 (行1,列0): (364, 330)
17:47:40 [DEBUG]   pos=4 (行1,列1): (476, 330)
17:47:40 [DEBUG]   pos=5 (行1,列2): (563, 330)
17:47:40 [DEBUG]   pos=6 (行2,列0): (364, 445)
17:47:40 [DEBUG]   pos=7 (行2,列1): (476, 445)
17:47:40 [DEBUG]   pos=8 (行2,列2): (563, 445)
17:47:40 [INFO] 步骤 3: 等待系统自动翻牌...
17:47:40 [DEBUG] 格子 2: 数字 3
17:47:40 [INFO] 系统翻牌: {2: 3}
17:47:40 [INFO] 步骤 4: 自适应翻牌...
17:47:40 [INFO] 自适应翻牌: 选择格子 0 (预期最佳EV=81.8)
17:47:40 [INFO] 翻开第 1/3 张: pos=0 at (364, 244)
17:47:41 [DEBUG] 格子 0: 数字 1
17:47:41 [DEBUG] 格子 2: 数字 3
17:47:41 [INFO]   翻牌成功 (2 张)
17:47:41 [INFO] 自适应翻牌: 选择格子 1 (预期最佳EV=159.0)
17:47:41 [INFO] 翻开第 2/3 张: pos=1 at (476, 244)
17:47:43 [DEBUG] 格子 0: 数字 1
17:47:43 [DEBUG] 格子 1: 数字 4
17:47:43 [DEBUG] 格子 2: 数字 3
17:47:43 [INFO]   翻牌成功 (3 张)
17:47:43 [INFO] 自适应翻牌: 选择格子 3 (预期最佳EV=153.0)
17:47:43 [INFO] 翻开第 3/3 张: pos=3 at (364, 330)
17:47:45 [DEBUG] 格子 0: 数字 1
17:47:45 [DEBUG] 格子 1: 数字 4
17:47:45 [DEBUG] 格子 2: 数字 3
17:47:45 [DEBUG] 格子 3: 数字 9
17:47:45 [INFO]   翻牌成功 (4 张)
17:47:45 [INFO] 步骤 5: 最终扫描确认...
17:47:45 [DEBUG] 格子 0: 数字 1
17:47:45 [DEBUG] 格子 1: 数字 4
17:47:45 [DEBUG] 格子 2: 数字 3
17:47:45 [DEBUG] 格子 3: 数字 9
17:47:45 [INFO] 已翻开的牌: {0: 1, 1: 4, 2: 3, 3: 9}
17:47:45 [INFO] 步骤 6: 计算期望值...
17:47:45 [INFO] 各线期望值:
17:47:45 [INFO]   l0 [?,?,3] EV=20.0
17:47:45 [INFO]   l1 [?,?,?] EV=28.0
17:47:45 [INFO]   l2 [9,?,?] EV=153.0 ★
17:47:45 [INFO]   l3 [1,4,3] EV=150.0
17:47:45 [INFO]   l4 [1,?,?] EV=41.0
17:47:45 [INFO]   l5 [1,9,?] EV=16.0
17:47:45 [INFO]   l6 [4,?,?] EV=19.0
17:47:45 [INFO]   l7 [3,?,?] EV=20.0
17:47:45 [INFO] 选择箭头 l2, 期望值=153.0
17:47:45 [INFO] 步骤 7: 点击箭头...
17:47:45 [DEBUG] 找到按钮 choose: (467, 593)
17:47:46 [DEBUG] 找到 8 个箭头: [0, 1, 2, 3, 4, 5, 6, 7]
17:47:46 [DEBUG]   l0: (274, 539)
17:47:46 [DEBUG]   l1: (np.int64(261), np.int64(460))
17:47:46 [DEBUG]   l2: (np.int64(261), np.int64(345))
17:47:46 [DEBUG]   l3: (np.int64(261), np.int64(229))
17:47:46 [DEBUG]   l4: (281, 153)
17:47:46 [DEBUG]   l5: (np.int64(349), np.int64(144))
17:47:46 [DEBUG]   l6: (np.int64(461), np.int64(144))
17:47:46 [DEBUG]   l7: (np.int64(578), np.int64(144))
17:47:46 [INFO] 点击箭头 l2 at (np.int64(261), np.int64(345)) (第1次)
17:47:48 [DEBUG] 找到按钮 confirm: (464, 594)
17:47:48 [INFO] 步骤 8: 点击确认...
17:47:48 [DEBUG] 找到按钮 confirm: (464, 594)
17:47:48 [INFO] 点击确认: (464, 594)
17:47:50 [INFO] 收到停止指令...
17:47:51 [INFO] 本轮占卜完成!
17:47:51 [INFO] 
自动占卜结束! 共执行 1 轮
17:52:34 [INFO] 加载模板中...
17:52:34 [INFO] 加载数字模板 1: (84, 77, 3)
17:52:34 [INFO] 加载数字模板 2: (84, 81, 3)
17:52:34 [INFO] 加载数字模板 3: (80, 74, 3)
17:52:34 [INFO] 加载数字模板 4: (83, 74, 3)
17:52:34 [INFO] 加载数字模板 5: (74, 72, 3)
17:52:34 [INFO] 加载数字模板 6: (84, 79, 3)
17:52:34 [INFO] 加载数字模板 7: (85, 81, 3)
17:52:34 [INFO] 加载数字模板 8: (72, 78, 3)
17:52:34 [INFO] 加载数字模板 9: (80, 78, 3)
17:52:34 [INFO] 加载箭头模板完成
17:52:34 [INFO] 加载按钮模板完成
17:52:34 [INFO] 模板加载完成
17:52:34 [INFO] 3秒后开始自动占卜...
17:52:37 [INFO] ============================================================
17:52:37 [INFO] 自动占卜开始! (最大 15 轮)
17:52:37 [INFO] ============================================================
17:52:37 [INFO] 
===== 第 1 轮 (剩余15次) =====
17:52:37 [INFO] ==================================================
17:52:37 [INFO] 步骤 1: 寻找并点击"开始占卜"按钮
17:52:37 [DEBUG] 跳过无效窗口: "300英雄跨4战场交流群" at (-32000,-32000) size 160x28
17:52:37 [INFO] 找到游戏窗口: {'left': 640, 'top': 320, 'width': 1280, 'height': 800}
17:52:37 [DEBUG] 找到按钮 start: (466, 592)
17:52:37 [INFO] 找到"开始占卜"按钮: (466, 592)
17:52:40 [INFO] 步骤 2: 定位箭头，计算网格坐标...
17:52:40 [DEBUG] 找到 8 个箭头: [0, 1, 2, 3, 4, 5, 6, 7]
17:52:40 [DEBUG]   l0: (274, 539)
17:52:40 [DEBUG]   l1: (np.int64(261), np.int64(460))
17:52:40 [DEBUG]   l2: (np.int64(261), np.int64(345))
17:52:40 [DEBUG]   l3: (np.int64(261), np.int64(229))
17:52:40 [DEBUG]   l4: (281, 153)
17:52:40 [DEBUG]   l5: (np.int64(349), np.int64(144))
17:52:40 [DEBUG]   l6: (np.int64(461), np.int64(144))
17:52:40 [DEBUG]   l7: (np.int64(578), np.int64(144))
17:52:40 [INFO] 通过箭头计算出全部 9 个格子坐标
17:52:40 [DEBUG]   pos=0 (行0,列0): (364, 244)
17:52:40 [DEBUG]   pos=1 (行0,列1): (476, 244)
17:52:40 [DEBUG]   pos=2 (行0,列2): (563, 244)
17:52:40 [DEBUG]   pos=3 (行1,列0): (364, 330)
17:52:40 [DEBUG]   pos=4 (行1,列1): (476, 330)
17:52:40 [DEBUG]   pos=5 (行1,列2): (563, 330)
17:52:40 [DEBUG]   pos=6 (行2,列0): (364, 445)
17:52:40 [DEBUG]   pos=7 (行2,列1): (476, 445)
17:52:40 [DEBUG]   pos=8 (行2,列2): (563, 445)
17:52:40 [INFO] 步骤 3: 等待系统自动翻牌...
17:52:40 [DEBUG] 格子 1: 数字 9
17:52:40 [INFO] 系统翻牌: {1: 9}
17:52:40 [INFO] 步骤 4: 自适应翻牌...
17:52:40 [INFO] 自适应翻牌: 选择格子 0 (预期最佳EV=107.0)
17:52:40 [INFO] 翻开第 1/3 张: pos=0 at (364, 244)
17:52:42 [DEBUG] 格子 0: 数字 7
17:52:42 [DEBUG] 格子 1: 数字 9
17:52:42 [INFO]   翻牌成功 (2 张)
17:52:42 [INFO] 自适应翻牌: 选择格子 2 (预期最佳EV=159.0)
17:52:42 [INFO] 翻开第 2/3 张: pos=2 at (563, 244)
17:52:44 [DEBUG] 格子 0: 数字 7
17:52:44 [DEBUG] 格子 1: 数字 9
17:52:44 [DEBUG] 格子 2: 数字 2
17:52:44 [INFO]   翻牌成功 (3 张)
17:52:44 [INFO] 自适应翻牌: 选择格子 4 (预期最佳EV=160.7)
17:52:44 [INFO] 翻开第 3/3 张: pos=4 at (476, 330)
17:52:45 [DEBUG] 格子 0: 数字 7
17:52:45 [DEBUG] 格子 1: 数字 9
17:52:45 [DEBUG] 格子 2: 数字 2
17:52:45 [DEBUG] 格子 4: 数字 1
17:52:46 [INFO]   翻牌成功 (4 张)
17:52:46 [INFO] 步骤 5: 最终扫描确认...
17:52:46 [DEBUG] 格子 0: 数字 7
17:52:46 [DEBUG] 格子 1: 数字 9
17:52:46 [DEBUG] 格子 2: 数字 2
17:52:46 [DEBUG] 格子 4: 数字 1
17:52:46 [INFO] 已翻开的牌: {0: 7, 1: 9, 2: 2, 4: 1}
17:52:46 [INFO] 步骤 6: 计算期望值...
17:52:46 [INFO] 各线期望值:
17:52:46 [INFO]   l0 [?,1,2] EV=256.0 ★
17:52:46 [INFO]   l1 [?,?,?] EV=17.0
17:52:46 [INFO]   l2 [?,1,?] EV=46.0
17:52:46 [INFO]   l3 [7,9,2] EV=20.0
17:52:46 [INFO]   l4 [7,1,?] EV=18.0
17:52:46 [INFO]   l5 [7,?,?] EV=28.0
17:52:46 [INFO]   l6 [9,1,?] EV=14.0
17:52:46 [INFO]   l7 [2,?,?] EV=30.0
17:52:46 [INFO] 选择箭头 l0, 期望值=256.0
17:52:46 [INFO] 步骤 7: 点击箭头...
17:52:46 [DEBUG] 找到按钮 choose: (467, 593)
17:52:46 [DEBUG] 找到 8 个箭头: [0, 1, 2, 3, 4, 5, 6, 7]
17:52:46 [DEBUG]   l0: (274, 539)
17:52:46 [DEBUG]   l1: (np.int64(261), np.int64(460))
17:52:46 [DEBUG]   l2: (np.int64(261), np.int64(345))
17:52:46 [DEBUG]   l3: (np.int64(261), np.int64(229))
17:52:46 [DEBUG]   l4: (281, 153)
17:52:46 [DEBUG]   l5: (np.int64(349), np.int64(144))
17:52:46 [DEBUG]   l6: (np.int64(461), np.int64(144))
17:52:46 [DEBUG]   l7: (np.int64(578), np.int64(144))
17:52:46 [INFO] 点击箭头 l0 at (274, 539) (第1次)
17:52:49 [DEBUG] 找到按钮 confirm: (464, 594)
17:52:49 [INFO] 步骤 8: 点击确认...
17:52:49 [DEBUG] 找到按钮 confirm: (464, 594)
17:52:49 [INFO] 点击确认: (464, 594)
17:52:52 [INFO] 本轮占卜完成!
17:52:52 [INFO] 
===== 第 2 轮 (剩余14次) =====
17:52:52 [INFO] ==================================================
17:52:52 [INFO] 步骤 1: 寻找并点击"开始占卜"按钮
17:52:52 [DEBUG] 找到按钮 start: (466, 592)
17:52:52 [INFO] 找到"开始占卜"按钮: (466, 592)
17:52:55 [INFO] 步骤 2: 定位箭头，计算网格坐标...
17:52:55 [DEBUG] 找到 8 个箭头: [0, 1, 2, 3, 4, 5, 6, 7]
17:52:55 [DEBUG]   l0: (274, 539)
17:52:55 [DEBUG]   l1: (np.int64(261), np.int64(460))
17:52:55 [DEBUG]   l2: (np.int64(261), np.int64(345))
17:52:55 [DEBUG]   l3: (np.int64(261), np.int64(229))
17:52:55 [DEBUG]   l4: (281, 153)
17:52:55 [DEBUG]   l5: (np.int64(349), np.int64(144))
17:52:55 [DEBUG]   l6: (np.int64(461), np.int64(144))
17:52:55 [DEBUG]   l7: (np.int64(578), np.int64(144))
17:52:55 [INFO] 通过箭头计算出全部 9 个格子坐标
17:52:55 [DEBUG]   pos=0 (行0,列0): (364, 244)
17:52:55 [DEBUG]   pos=1 (行0,列1): (476, 244)
17:52:55 [DEBUG]   pos=2 (行0,列2): (563, 244)
17:52:55 [DEBUG]   pos=3 (行1,列0): (364, 330)
17:52:55 [DEBUG]   pos=4 (行1,列1): (476, 330)
17:52:55 [DEBUG]   pos=5 (行1,列2): (563, 330)
17:52:55 [DEBUG]   pos=6 (行2,列0): (364, 445)
17:52:55 [DEBUG]   pos=7 (行2,列1): (476, 445)
17:52:55 [DEBUG]   pos=8 (行2,列2): (563, 445)
17:52:55 [INFO] 步骤 3: 等待系统自动翻牌...
17:52:55 [DEBUG] 格子 0: 数字 9
17:52:55 [INFO] 系统翻牌: {0: 9}
17:52:55 [INFO] 步骤 4: 自适应翻牌...
17:52:55 [INFO] 自适应翻牌: 选择格子 1 (预期最佳EV=107.0)
17:52:55 [INFO] 翻开第 1/3 张: pos=1 at (476, 244)
17:52:57 [DEBUG] 格子 0: 数字 9
17:52:57 [DEBUG] 格子 1: 数字 1
17:52:57 [INFO]   翻牌成功 (2 张)
17:52:57 [INFO] 自适应翻牌: 选择格子 4 (预期最佳EV=155.0)
17:52:57 [INFO] 翻开第 2/3 张: pos=4 at (476, 330)
17:52:59 [DEBUG] 格子 0: 数字 9
17:52:59 [DEBUG] 格子 1: 数字 1
17:52:59 [DEBUG] 格子 4: 数字 6
17:52:59 [INFO]   翻牌成功 (3 张)
17:52:59 [INFO] 自适应翻牌: 选择格子 8 (预期最佳EV=170.8)
17:52:59 [INFO] 翻开第 3/3 张: pos=8 at (563, 445)
17:53:00 [DEBUG] 格子 0: 数字 9
17:53:00 [DEBUG] 格子 1: 数字 1
17:53:00 [DEBUG] 格子 4: 数字 6
17:53:00 [DEBUG] 格子 8: 数字 4
17:53:00 [INFO]   翻牌成功 (4 张)
17:53:00 [INFO] 步骤 5: 最终扫描确认...
17:53:00 [DEBUG] 格子 0: 数字 9
17:53:01 [DEBUG] 格子 1: 数字 1
17:53:01 [DEBUG] 格子 4: 数字 6
17:53:01 [DEBUG] 格子 8: 数字 4
17:53:01 [INFO] 已翻开的牌: {0: 9, 1: 1, 4: 6, 8: 4}
17:53:01 [INFO] 步骤 6: 计算期望值...
17:53:01 [INFO] 各线期望值:
17:53:01 [INFO]   l0 [?,6,?] EV=26.0
17:53:01 [INFO]   l1 [?,?,4] EV=26.0
17:53:01 [INFO]   l2 [?,6,?] EV=26.0
17:53:01 [INFO]   l3 [9,1,?] EV=18.0
17:53:01 [INFO]   l4 [9,6,4] EV=30.0
17:53:01 [INFO]   l5 [9,?,?] EV=92.0 ★
17:53:01 [INFO]   l6 [1,6,?] EV=38.0
17:53:01 [INFO]   l7 [?,?,4] EV=26.0
17:53:01 [INFO] 选择箭头 l5, 期望值=92.0
17:53:01 [INFO] 步骤 7: 点击箭头...
17:53:01 [DEBUG] 找到按钮 choose: (467, 593)
17:53:01 [DEBUG] 找到 8 个箭头: [0, 1, 2, 3, 4, 5, 6, 7]
17:53:01 [DEBUG]   l0: (274, 539)
17:53:01 [DEBUG]   l1: (np.int64(261), np.int64(460))
17:53:01 [DEBUG]   l2: (np.int64(261), np.int64(345))
17:53:01 [DEBUG]   l3: (np.int64(261), np.int64(229))
17:53:01 [DEBUG]   l4: (281, 153)
17:53:01 [DEBUG]   l5: (np.int64(349), np.int64(144))
17:53:01 [DEBUG]   l6: (np.int64(461), np.int64(144))
17:53:01 [DEBUG]   l7: (np.int64(578), np.int64(144))
17:53:01 [INFO] 点击箭头 l5 at (np.int64(349), np.int64(144)) (第1次)
17:53:04 [DEBUG] 找到按钮 confirm: (464, 594)
17:53:04 [INFO] 步骤 8: 点击确认...
17:53:04 [DEBUG] 找到按钮 confirm: (464, 594)
17:53:04 [INFO] 点击确认: (464, 594)
17:53:06 [INFO] 收到停止指令...
17:53:07 [INFO] 本轮占卜完成!
17:53:07 [INFO] 
自动占卜结束! 共执行 2 轮
